ASxxxx Assembler V05.00  (Motorola 6809), page 1.
Hexidecimal [16-Bits]



                              1 .module	imprime_decimal
                              2 
                     FF02     3 teclado	.equ	0xFF02
                     FF00     4 pantalla	.equ	0xFF00
                              5 
                              6 	.globl	imprime_decimal
                              7 ;;;;;;;;;;;;;;;;;;;;;;;;;;;;;;;;;;;;;;;;;;;;;;;;;;;;;;;;;;;;;;;;;;;;;;;;;;;;;;;;
                              8 ; imprime_decimal
                              9 ;	imprime en decimal el numero contenido en D interpretado sin signo
                             10 ;
                             11 ;	Entrada: D -> Numero de 16 bit sin signo
                             12 ;	Salida: ninguna
                             13 ;	Registros afectados: D y CC
                             14 ;;;;;;;;;;;;;;;;;;;;;;;;;;;;;;;;;;;;;;;;;;;;;;;;;;;;;;;;;;;;;;;;;;;;;;;;;;;;;;;;
   0000                      15 imprime_decimal:
   0000 34 30         [ 7]   16 	pshs	x,y	
                             17 
   0002 8E 00 00      [ 3]   18 	ldx	#0x0000		; para almacenar d
   0005 10 8E 00 00   [ 4]   19 	ldy	#0x0000		; para almacenar d
                             20 
                             21 	; se mete la variable primera en la pila de usuario
                             22 	
                             23 	; METERLO EN UN BUCLE
                             24 	; PRIMERA CIFRA	; le resta 10000 en 10000 hasta dar C 
   0009                      25 primera_cifra:
   0009 83 27 10      [ 4]   26 	subd	#10000
   000C 25 07         [ 3]   27 	bcs	imprime_primera_cifra 		;Branch C= 1
   000E 1E 01         [ 8]   28 	exg	d,x	; en D el Contador	;exchange d,x
   0010 5C            [ 2]   29 	incb	
   0011 1E 01         [ 8]   30 	exg	d,x	; en D el numero
   0013 20 F4         [ 3]   31 	bra	primera_cifra
   0015                      32 imprime_primera_cifra:
   0015 1E 01         [ 8]   33 	exg	d,x	; en D el Contador
   0017 5D            [ 2]   34 	tstb	
   0018 26 07         [ 3]   35 	bne	imprime_primera
                             36 	; es 0
   001A 1E 02         [ 8]   37 	exg	d,y	; en D el primero
   001C 5D            [ 2]   38 	tstb
   001D 1E 02         [ 8]   39 	exg	d,y	; en D el contador
   001F 27 0A         [ 3]   40 	beq	primera_cero; si es 0 es no ha habido una cifra
   0021                      41 imprime_primera:
   0021 CB 30         [ 2]   42 	addb	#'0
   0023 F7 FF 00      [ 5]   43 	stb	pantalla
   0026 1E 02         [ 8]   44 	exg	d,y	; en D el primero
   0028 5C            [ 2]   45 	incb
   0029 1E 02         [ 8]   46 	exg	d,y	; en D el contador
   002B                      47 primera_cero:
   002B 1E 01         [ 8]   48 	exg	d,x	; en D el numero
                             49 
                             50 	; se le a単ade lo que no debio de ser restado	
   002D C3 27 10      [ 4]   51 	addd	#10000
                             52 	; contador a 0
   0030 1E 01         [ 8]   53 	exg	d,x
   0032 CC 00 00      [ 3]   54 	ldd	#0
   0035 1E 01         [ 8]   55 	exg	d,x
ASxxxx Assembler V05.00  (Motorola 6809), page 2.
Hexidecimal [16-Bits]



                             56 	
                             57 	; SEGUNDA CIFRA	; le resta 1000 en 1000 hasta dar C 
   0037                      58 segunda_cifra:
   0037 83 03 E8      [ 4]   59 	subd	#1000
   003A 25 07         [ 3]   60 	bcs	imprime_segunda_cifra
   003C 1E 01         [ 8]   61 	exg	d,x
   003E 5C            [ 2]   62 	incb	
   003F 1E 01         [ 8]   63 	exg	d,x	
   0041 20 F4         [ 3]   64 	bra	segunda_cifra
   0043                      65 imprime_segunda_cifra:
   0043 1E 01         [ 8]   66 	exg	d,x
   0045 5D            [ 2]   67 	tstb	
   0046 26 07         [ 3]   68 	bne	imprime_segunda
                             69 	; es 0	
   0048 1E 02         [ 8]   70 	exg	d,y	
   004A 5D            [ 2]   71 	tstb
   004B 1E 02         [ 8]   72 	exg	d,y
   004D 27 0A         [ 3]   73 	beq	segunda_cero; si es 0 es no ha habido una cifra
   004F                      74 imprime_segunda:
   004F CB 30         [ 2]   75 	addb	#'0
   0051 F7 FF 00      [ 5]   76 	stb	pantalla
   0054 1E 02         [ 8]   77 	exg	d,y
   0056 5C            [ 2]   78 	incb
   0057 1E 02         [ 8]   79 	exg	d,y
   0059                      80 segunda_cero:
   0059 1E 01         [ 8]   81 	exg	d,x
                             82 
                             83 	; se le a単ade lo que no debio de ser restado	
   005B C3 03 E8      [ 4]   84 	addd	#1000
                             85 	; contador a 0
   005E 1E 01         [ 8]   86 	exg	d,x
   0060 CC 00 00      [ 3]   87 	ldd	#0
   0063 1E 01         [ 8]   88 	exg	d,x
                             89 
                             90 	; TERCERA CIFRA	; le resta 100 en 100 hasta dar C 
   0065                      91 tercera_cifra:
   0065 83 00 64      [ 4]   92 	subd	#100
   0068 25 07         [ 3]   93 	bcs	imprime_tercera_cifra
   006A 1E 01         [ 8]   94 	exg	d,x
   006C 5C            [ 2]   95 	incb	
   006D 1E 01         [ 8]   96 	exg	d,x	
   006F 20 F4         [ 3]   97 	bra	tercera_cifra
   0071                      98 imprime_tercera_cifra:
   0071 1E 01         [ 8]   99 	exg	d,x
   0073 5D            [ 2]  100 	tstb	
   0074 26 07         [ 3]  101 	bne	imprime_tercera
                            102 	; es 0	
   0076 1E 02         [ 8]  103 	exg	d,y	
   0078 5D            [ 2]  104 	tstb
   0079 1E 02         [ 8]  105 	exg	d,y
   007B 27 0A         [ 3]  106 	beq	tercera_cero; si es 0 es no ha habido una cifra
   007D                     107 imprime_tercera:
   007D CB 30         [ 2]  108 	addb	#'0
   007F F7 FF 00      [ 5]  109 	stb	pantalla
   0082 1E 02         [ 8]  110 	exg	d,y
ASxxxx Assembler V05.00  (Motorola 6809), page 3.
Hexidecimal [16-Bits]



   0084 5C            [ 2]  111 	incb
   0085 1E 02         [ 8]  112 	exg	d,y
   0087                     113 tercera_cero:
   0087 1E 01         [ 8]  114 	exg	d,x
                            115 
                            116 	; se le a単ade lo que no debio de ser restado	
   0089 C3 00 64      [ 4]  117 	addd	#100
                            118 	; contador a 0
   008C 1E 01         [ 8]  119 	exg	d,x
   008E CC 00 00      [ 3]  120 	ldd	#0
   0091 1E 01         [ 8]  121 	exg	d,x
                            122 
                            123 	; CUARTA CIFRA	; le resta 10 en 10 hasta dar C 
   0093                     124 cuarta_cifra:
   0093 83 00 0A      [ 4]  125 	subd	#10
   0096 25 07         [ 3]  126 	bcs	imprime_cuarta_cifra
   0098 1E 01         [ 8]  127 	exg	d,x
   009A 5C            [ 2]  128 	incb	
   009B 1E 01         [ 8]  129 	exg	d,x	
   009D 20 F4         [ 3]  130 	bra	cuarta_cifra
   009F                     131 imprime_cuarta_cifra:
   009F 1E 01         [ 8]  132 	exg	d,x
   00A1 5D            [ 2]  133 	tstb	
   00A2 26 07         [ 3]  134 	bne	imprime_cuarta
                            135 	; es 0	
   00A4 1E 02         [ 8]  136 	exg	d,y	
   00A6 5D            [ 2]  137 	tstb
   00A7 1E 02         [ 8]  138 	exg	d,y
   00A9 27 0A         [ 3]  139 	beq	cuarta_cero; si es 0 es no ha habido una cifra
   00AB                     140 imprime_cuarta:
   00AB CB 30         [ 2]  141 	addb	#'0
   00AD F7 FF 00      [ 5]  142 	stb	pantalla
   00B0 1E 02         [ 8]  143 	exg	d,y
   00B2 5C            [ 2]  144 	incb
   00B3 1E 02         [ 8]  145 	exg	d,y
   00B5                     146 cuarta_cero:
   00B5 1E 01         [ 8]  147 	exg	d,x
                            148 
                            149 	; se le a単ade lo que no debio de ser restado	
   00B7 C3 00 0A      [ 4]  150 	addd	#10
                            151 	; contador a 0
   00BA 1E 01         [ 8]  152 	exg	d,x
   00BC CC 00 00      [ 3]  153 	ldd	#0
   00BF 1E 01         [ 8]  154 	exg	d,x
                            155 
                            156 	; QUINTA CIFRA	ESTARIA DIRECTAMENTE PERO POR SEGUIR
   00C1                     157 quinta_cifra:
   00C1 83 00 01      [ 4]  158 	subd	#1
   00C4 25 07         [ 3]  159 	bcs	imprime_quinta_cifra
   00C6 1E 01         [ 8]  160 	exg	d,x
   00C8 5C            [ 2]  161 	incb	
   00C9 1E 01         [ 8]  162 	exg	d,x
   00CB 20 F4         [ 3]  163 	bra	quinta_cifra
   00CD                     164 imprime_quinta_cifra:
   00CD 1E 01         [ 8]  165 	exg	d,x
ASxxxx Assembler V05.00  (Motorola 6809), page 4.
Hexidecimal [16-Bits]



   00CF CB 30         [ 2]  166 	addb	#'0
   00D1 F7 FF 00      [ 5]  167 	stb	pantalla
   00D4 1E 01         [ 8]  168 	exg	d,x
                            169 	
                            170 	
                            171 	; RETORNO
   00D6 35 30         [ 7]  172 	puls 	x,y
   00D8 39            [ 5]  173 	rts
                            174 
ASxxxx Assembler V05.00  (Motorola 6809), page 5.
Hexidecimal [16-Bits]

Symbol Table

    .__.$$$.       =   2710 L   |     .__.ABS.       =   0000 G
    .__.CPU.       =   0000 L   |     .__.H$L.       =   0001 L
  0 cuarta_cero        00B5 R   |   0 cuarta_cifra       0093 R
  0 imprime_cuarta     00AB R   |   0 imprime_cuarta     009F R
  0 imprime_decima     0000 GR  |   0 imprime_primer     0021 R
  0 imprime_primer     0015 R   |   0 imprime_quinta     00CD R
  0 imprime_segund     004F R   |   0 imprime_segund     0043 R
  0 imprime_tercer     007D R   |   0 imprime_tercer     0071 R
    pantalla       =   FF00     |   0 primera_cero       002B R
  0 primera_cifra      0009 R   |   0 quinta_cifra       00C1 R
  0 segunda_cero       0059 R   |   0 segunda_cifra      0037 R
    teclado        =   FF02     |   0 tercera_cero       0087 R
  0 tercera_cifra      0065 R

ASxxxx Assembler V05.00  (Motorola 6809), page 6.
Hexidecimal [16-Bits]

Area Table

[_CSEG]
   0 _CODE            size   D9   flags C180
[_DSEG]
   1 _DATA            size    0   flags C0C0

